<?xml version="1.0" encoding="UTF-8"?>
<!-- Generated by org.testng.reporters.JUnitReportReporter -->
<testsuite skipped="0" hostname="user-PC" name="Test.MultipleBrowser" tests="2" failures="0" timestamp="01 Sep 2018 07:07:49 GMT" time="0.018" errors="0">
  <testcase name="multi" time="0.002" classname="Test.MultipleBrowser"/>
  <testcase name="multi" time="0.016" classname="Test.MultipleBrowser"/>
</testsuite> <!-- Test.MultipleBrowser -->
