<?xml version="1.0" encoding="UTF-8"?>
<!-- Generated by org.testng.reporters.JUnitReportReporter -->
<testsuite skipped="0" hostname="user-PC" name="Test.FlipKartLoginm" tests="3" failures="0" timestamp="25 Aug 2018 16:31:01 GMT" time="0.004" errors="0">
  <testcase name="clickLoginHome" time="0.002" classname="Test.FlipKartLoginm"/>
  <testcase name="enterUserNameHome" time="0.001" classname="Test.FlipKartLoginm"/>
  <testcase name="enterPasswordHome" time="0.001" classname="Test.FlipKartLoginm"/>
</testsuite> <!-- Test.FlipKartLoginm -->
