<?xml version="1.0" encoding="UTF-8"?>
<!-- Generated by org.testng.reporters.JUnitReportReporter -->
<testsuite skipped="0" hostname="user-PC" name="Test.LoginTest" tests="1" failures="0" timestamp="06 Sep 2018 16:55:18 GMT" time="2.446" errors="0">
  <testcase name="fillForm" time="2.446" classname="Test.LoginTest"/>
</testsuite> <!-- Test.LoginTest -->
