<?xml version="1.0" encoding="UTF-8"?>
<!-- Generated by org.testng.reporters.JUnitReportReporter -->
<testsuite skipped="0" hostname="user-PC" name="Test.FlipKartLogin" tests="3" failures="0" timestamp="25 Aug 2018 16:31:01 GMT" time="0.012" errors="0">
  <testcase name="clickLogin" time="0.008" classname="Test.FlipKartLogin"/>
  <testcase name="enterUserName" time="0.002" classname="Test.FlipKartLogin"/>
  <testcase name="enterPassword" time="0.002" classname="Test.FlipKartLogin"/>
</testsuite> <!-- Test.FlipKartLogin -->
