<?xml version="1.0" encoding="UTF-8"?>
<!-- Generated by org.testng.reporters.JUnitReportReporter -->
<testsuite skipped="0" hostname="user-PC" name="Test.FlipKartHome" tests="3" failures="0" timestamp="25 Aug 2018 16:28:48 GMT" time="0.007" errors="0">
  <testcase name="clickLoginHome" time="0.003" classname="Test.FlipKartHome"/>
  <testcase name="enterUserNameHome" time="0.001" classname="Test.FlipKartHome"/>
  <testcase name="enterPasswordHome" time="0.003" classname="Test.FlipKartHome"/>
</testsuite> <!-- Test.FlipKartHome -->
