<?xml version="1.0" encoding="UTF-8"?>
<!-- Generated by org.testng.reporters.JUnitReportReporter -->
<testsuite skipped="0" hostname="user-PC" name="Test.SignUp" tests="1" failures="0" timestamp="06 Sep 2018 16:55:18 GMT" time="0.196" errors="0">
  <testcase name="clickSignUp" time="0.196" classname="Test.SignUp"/>
</testsuite> <!-- Test.SignUp -->
